<?xml version="1.0" encoding="UTF-8"?>
<!-- Generated by org.testng.reporters.JUnitXMLReporter -->
<testsuite hostname="ATMECSINLT-002" ignored="0" name="Test2" tests="7" failures="0" timestamp="2019-10-23T14:56:24 IST" time="21.648" errors="0">
  <testcase name="@AfterMethod message" time="4.13" classname="com.konakart.testscenarios.SearchProductScenario">
    <failure type="org.openqa.selenium.WebDriverException" message="Failed to interpret value as array
Build info: version: &amp;apos;4.0.0-alpha-2&amp;apos;, revision: &amp;apos;f148142cf8&amp;apos;, time: &amp;apos;2019-07-01T20:55:26&amp;apos;
System info: host: &amp;apos;ATMECSINLT-002&amp;apos;, ip: &amp;apos;55.55.52.108&amp;apos;, os.name: &amp;apos;Windows 10&amp;apos;, os.arch: &amp;apos;amd64&amp;apos;, os.version: &amp;apos;10.0&amp;apos;, java.version: &amp;apos;1.8.0_221&amp;apos;
Driver info: org.openqa.selenium.firefox.FirefoxDriver
Capabilities {acceptInsecureCerts: true, browserName: firefox, browserVersion: 69.0.3, javascriptEnabled: true, moz:accessibilityChecks: false, moz:buildID: 20191009172106, moz:geckodriverVersion: 0.24.0, moz:headless: false, moz:processID: 20404, moz:profile: C:\Users\kishor.joshi\AppDa..., moz:shutdownTimeout: 60000, moz:useNonSpecCompliantPointerOrigin: false, moz:webdriverClick: true, pageLoadStrategy: normal, platform: WINDOWS, platformName: WINDOWS, platformVersion: 10.0, rotatable: false, setWindowRect: true, strictFileInteractability: false, timeouts: {implicit: 0, pageLoad: 300000, script: 30000}, unhandledPromptBehavior: dismiss and notify}
Session ID: f14ad13c-074d-4496-beed-123e74c6553e
*** Element info: {Using=css selector, value=div[class^=&amp;apos;items-message&amp;apos;]}">
      <![CDATA[org.openqa.selenium.WebDriverException: Failed to interpret value as array
Build info: version: '4.0.0-alpha-2', revision: 'f148142cf8', time: '2019-07-01T20:55:26'
System info: host: 'ATMECSINLT-002', ip: '55.55.52.108', os.name: 'Windows 10', os.arch: 'amd64', os.version: '10.0', java.version: '1.8.0_221'
Driver info: org.openqa.selenium.firefox.FirefoxDriver
Capabilities {acceptInsecureCerts: true, browserName: firefox, browserVersion: 69.0.3, javascriptEnabled: true, moz:accessibilityChecks: false, moz:buildID: 20191009172106, moz:geckodriverVersion: 0.24.0, moz:headless: false, moz:processID: 20404, moz:profile: C:\Users\kishor.joshi\AppDa..., moz:shutdownTimeout: 60000, moz:useNonSpecCompliantPointerOrigin: false, moz:webdriverClick: true, pageLoadStrategy: normal, platform: WINDOWS, platformName: WINDOWS, platformVersion: 10.0, rotatable: false, setWindowRect: true, strictFileInteractability: false, timeouts: {implicit: 0, pageLoad: 300000, script: 30000}, unhandledPromptBehavior: dismiss and notify}
Session ID: f14ad13c-074d-4496-beed-123e74c6553e
*** Element info: {Using=css selector, value=div[class^='items-message']}
at org.openqa.selenium.remote.codec.w3c.W3CHttpResponseCodec.createException(W3CHttpResponseCodec.java:191)
at org.openqa.selenium.remote.codec.w3c.W3CHttpResponseCodec.decode(W3CHttpResponseCodec.java:125)
at org.openqa.selenium.remote.codec.w3c.W3CHttpResponseCodec.decode(W3CHttpResponseCodec.java:52)
at org.openqa.selenium.remote.HttpCommandExecutor.execute(HttpCommandExecutor.java:161)
at org.openqa.selenium.remote.service.DriverCommandExecutor.execute(DriverCommandExecutor.java:83)
at org.openqa.selenium.remote.RemoteWebDriver.execute(RemoteWebDriver.java:576)
at org.openqa.selenium.remote.RemoteWebDriver.findElements(RemoteWebDriver.java:356)
at org.openqa.selenium.remote.RemoteWebDriver.findElementsByCssSelector(RemoteWebDriver.java:440)
at org.openqa.selenium.By$ByCssSelector.findElements(By.java:441)
at org.openqa.selenium.remote.RemoteWebDriver.findElements(RemoteWebDriver.java:314)
at com.konakart.helper.ElementHelper.getElements(ElementHelper.java:92)
at com.konakart.script.QuickSearchPage.getItemMessage(QuickSearchPage.java:51)
at com.konakart.testscenarios.SearchProductScenario.message(SearchProductScenario.java:60)
at java.util.ArrayList.forEach(Unknown Source)
... Removed 36 stack frames]]>
    </failure>
  </testcase> <!-- @AfterMethod message -->
  <testcase name="@AfterMethod message" time="-1.57182278449E9" classname="com.konakart.testscenarios.SearchProductScenario">
    <skipped/>
  </testcase> <!-- @AfterMethod message -->
  <testcase name="@AfterMethod message" time="-1.571822784502E9" classname="com.konakart.testscenarios.SearchProductScenario">
    <skipped/>
  </testcase> <!-- @AfterMethod message -->
  <testcase name="@AfterMethod message" time="-1.571822784522E9" classname="com.konakart.testscenarios.SearchProductScenario">
    <skipped/>
  </testcase> <!-- @AfterMethod message -->
  <testcase name="@AfterMethod message" time="-1.571822784549E9" classname="com.konakart.testscenarios.SearchProductScenario">
    <skipped/>
  </testcase> <!-- @AfterMethod message -->
  <testcase name="@AfterMethod message" time="-1.571822784586E9" classname="com.konakart.testscenarios.SearchProductScenario">
    <skipped/>
  </testcase> <!-- @AfterMethod message -->
  <testcase name="@AfterMethod message" time="-1.571822784617E9" classname="com.konakart.testscenarios.SearchProductScenario">
    <skipped/>
  </testcase> <!-- @AfterMethod message -->
  <testcase name="OutComeOfSearch" time="2.697" classname="com.konakart.testscenarios.SearchProductScenario"/>
  <testcase name="OutComeOfSearch" time="0.0" classname="com.konakart.testscenarios.SearchProductScenario">
    <skipped/>
  </testcase> <!-- OutComeOfSearch -->
  <testcase name="OutComeOfSearch" time="0.0" classname="com.konakart.testscenarios.SearchProductScenario">
    <skipped/>
  </testcase> <!-- OutComeOfSearch -->
  <testcase name="OutComeOfSearch" time="0.0" classname="com.konakart.testscenarios.SearchProductScenario">
    <skipped/>
  </testcase> <!-- OutComeOfSearch -->
  <testcase name="OutComeOfSearch" time="0.0" classname="com.konakart.testscenarios.SearchProductScenario">
    <skipped/>
  </testcase> <!-- OutComeOfSearch -->
  <testcase name="OutComeOfSearch" time="0.0" classname="com.konakart.testscenarios.SearchProductScenario">
    <skipped/>
  </testcase> <!-- OutComeOfSearch -->
  <testcase name="OutComeOfSearch" time="0.0" classname="com.konakart.testscenarios.SearchProductScenario">
    <skipped/>
  </testcase> <!-- OutComeOfSearch -->
</testsuite> <!-- Test2 -->
